<?xml version="1.0" encoding="UTF-8"?>
<testng-results skipped="0" failed="0" ignored="0" total="1" passed="1">
  <reporter-output>
  </reporter-output>
  <suite name="Command line suite" duration-ms="332" started-at="2019-10-31T06:25:27Z" finished-at="2019-10-31T06:25:27Z">
    <groups>
    </groups>
    <test name="Command line test" duration-ms="332" started-at="2019-10-31T06:25:27Z" finished-at="2019-10-31T06:25:27Z">
      <class name="project.PHPTravelers.AppTest">
        <test-method status="PASS" signature="testApp()" name="testApp" duration-ms="196" started-at="2019-10-31T06:25:27Z" finished-at="2019-10-31T06:25:27Z">
          <reporter-output>
          </reporter-output>
        </test-method> <!-- testApp -->
      </class> <!-- project.PHPTravelers.AppTest -->
    </test> <!-- Command line test -->
  </suite> <!-- Command line suite -->
</testng-results>
