<?xml version="1.0" encoding="UTF-8"?>
<testng-results skipped="0" failed="0" total="4" passed="4">
  <reporter-output>
  </reporter-output>
  <suite name="Suite" duration-ms="98057" started-at="2019-10-31T09:10:28Z" finished-at="2019-10-31T09:12:06Z">
    <groups>
    </groups>
    <test name="Test" duration-ms="98057" started-at="2019-10-31T09:10:28Z" finished-at="2019-10-31T09:12:06Z">
      <class name="project.PHPTravelers.Registration_Test">
        <test-method status="PASS" signature="userRegistration()[pri:0, instance:project.PHPTravelers.Registration_Test@10bdf5e5]" name="userRegistration" duration-ms="15246" started-at="2019-10-31T14:40:28Z" finished-at="2019-10-31T14:40:43Z">
          <reporter-output>
          </reporter-output>
        </test-method> <!-- userRegistration -->
      </class> <!-- project.PHPTravelers.Registration_Test -->
      <class name="project.PHPTravelers.Login_Test">
        <test-method status="PASS" signature="Login()[pri:0, instance:project.PHPTravelers.Login_Test@6e1ec318]" name="Login" duration-ms="16997" started-at="2019-10-31T14:40:43Z" finished-at="2019-10-31T14:41:00Z">
          <reporter-output>
          </reporter-output>
        </test-method> <!-- Login -->
      </class> <!-- project.PHPTravelers.Login_Test -->
      <class name="project.PHPTravelers.Flight_Test">
        <test-method status="PASS" signature="start()[pri:0, instance:project.PHPTravelers.Flight_Test@dc24521]" name="start" is-config="true" duration-ms="14" started-at="2019-10-31T14:40:28Z" finished-at="2019-10-31T14:40:28Z">
          <reporter-output>
          </reporter-output>
        </test-method> <!-- start -->
        <test-method status="PASS" signature="start()[pri:0, instance:project.PHPTravelers.Hotel_Search_01@148080bb]" name="start" is-config="true" duration-ms="0" started-at="2019-10-31T14:40:28Z" finished-at="2019-10-31T14:40:28Z">
          <reporter-output>
          </reporter-output>
        </test-method> <!-- start -->
        <test-method status="PASS" signature="test()[pri:0, instance:project.PHPTravelers.Flight_Test@dc24521]" name="test" duration-ms="28626" started-at="2019-10-31T14:41:20Z" finished-at="2019-10-31T14:41:49Z">
          <reporter-output>
          </reporter-output>
        </test-method> <!-- test -->
        <test-method status="PASS" signature="close()[pri:0, instance:project.PHPTravelers.Flight_Test@dc24521]" name="close" is-config="true" duration-ms="5206" started-at="2019-10-31T14:41:49Z" finished-at="2019-10-31T14:41:54Z">
          <reporter-output>
          </reporter-output>
        </test-method> <!-- close -->
        <test-method status="FAIL" signature="close()[pri:0, instance:project.PHPTravelers.Hotel_Search_01@148080bb]" name="close" is-config="true" duration-ms="0" started-at="2019-10-31T14:41:54Z" finished-at="2019-10-31T14:41:54Z">
          <exception class="org.openqa.selenium.NoSuchSessionException">
            <message>
              <![CDATA[invalid session id
Build info: version: '3.141.59', revision: 'e82be7d358', time: '2018-11-14T08:25:48'
System info: host: 'CBT-MH-000', ip: '192.168.56.1', os.name: 'Windows 8.1', os.arch: 'amd64', os.version: '6.3', java.version: '1.8.0_121'
Driver info: org.openqa.selenium.chrome.ChromeDriver
Capabilities {acceptInsecureCerts: false, browserName: chrome, browserVersion: 78.0.3904.70, chrome: {chromedriverVersion: 78.0.3904.70 (edb9c9f3de024..., userDataDir: C:\Users\ONLINE~1\AppData\L...}, goog:chromeOptions: {debuggerAddress: localhost:62654}, javascriptEnabled: true, networkConnectionEnabled: false, pageLoadStrategy: normal, platform: XP, platformName: XP, proxy: Proxy(), setWindowRect: true, strictFileInteractability: false, timeouts: {implicit: 0, pageLoad: 300000, script: 30000}, unhandledPromptBehavior: dismiss and notify}
Session ID: c90e69a2f099ea52f9a8403ed3bfb724]]>
            </message>
            <full-stacktrace>
              <![CDATA[org.openqa.selenium.NoSuchSessionException: invalid session id
Build info: version: '3.141.59', revision: 'e82be7d358', time: '2018-11-14T08:25:48'
System info: host: 'CBT-MH-000', ip: '192.168.56.1', os.name: 'Windows 8.1', os.arch: 'amd64', os.version: '6.3', java.version: '1.8.0_121'
Driver info: org.openqa.selenium.chrome.ChromeDriver
Capabilities {acceptInsecureCerts: false, browserName: chrome, browserVersion: 78.0.3904.70, chrome: {chromedriverVersion: 78.0.3904.70 (edb9c9f3de024..., userDataDir: C:\Users\ONLINE~1\AppData\L...}, goog:chromeOptions: {debuggerAddress: localhost:62654}, javascriptEnabled: true, networkConnectionEnabled: false, pageLoadStrategy: normal, platform: XP, platformName: XP, proxy: Proxy(), setWindowRect: true, strictFileInteractability: false, timeouts: {implicit: 0, pageLoad: 300000, script: 30000}, unhandledPromptBehavior: dismiss and notify}
Session ID: c90e69a2f099ea52f9a8403ed3bfb724
	at sun.reflect.NativeConstructorAccessorImpl.newInstance0(Native Method)
	at sun.reflect.NativeConstructorAccessorImpl.newInstance(Unknown Source)
	at sun.reflect.DelegatingConstructorAccessorImpl.newInstance(Unknown Source)
	at java.lang.reflect.Constructor.newInstance(Unknown Source)
	at org.openqa.selenium.remote.http.W3CHttpResponseCodec.createException(W3CHttpResponseCodec.java:187)
	at org.openqa.selenium.remote.http.W3CHttpResponseCodec.decode(W3CHttpResponseCodec.java:122)
	at org.openqa.selenium.remote.http.W3CHttpResponseCodec.decode(W3CHttpResponseCodec.java:49)
	at org.openqa.selenium.remote.HttpCommandExecutor.execute(HttpCommandExecutor.java:158)
	at org.openqa.selenium.remote.service.DriverCommandExecutor.execute(DriverCommandExecutor.java:83)
	at org.openqa.selenium.remote.RemoteWebDriver.execute(RemoteWebDriver.java:552)
	at org.openqa.selenium.remote.RemoteWebDriver.execute(RemoteWebDriver.java:609)
	at org.openqa.selenium.remote.RemoteWebDriver.close(RemoteWebDriver.java:442)
	at project.PHPTravelers.Hotel_Search_01.close(Hotel_Search_01.java:39)
	at sun.reflect.NativeMethodAccessorImpl.invoke0(Native Method)
	at sun.reflect.NativeMethodAccessorImpl.invoke(Unknown Source)
	at sun.reflect.DelegatingMethodAccessorImpl.invoke(Unknown Source)
	at java.lang.reflect.Method.invoke(Unknown Source)
	at org.testng.internal.MethodInvocationHelper.invokeMethod(MethodInvocationHelper.java:100)
	at org.testng.internal.Invoker.invokeConfigurationMethod(Invoker.java:515)
	at org.testng.internal.Invoker.invokeConfigurations(Invoker.java:216)
	at org.testng.internal.Invoker.invokeConfigurations(Invoker.java:143)
	at org.testng.TestRunner.afterRun(TestRunner.java:973)
	at org.testng.TestRunner.run(TestRunner.java:604)
	at org.testng.SuiteRunner.runTest(SuiteRunner.java:366)
	at org.testng.SuiteRunner.runSequentially(SuiteRunner.java:361)
	at org.testng.SuiteRunner.privateRun(SuiteRunner.java:319)
	at org.testng.SuiteRunner.run(SuiteRunner.java:268)
	at org.testng.SuiteRunnerWorker.runSuite(SuiteRunnerWorker.java:52)
	at org.testng.SuiteRunnerWorker.run(SuiteRunnerWorker.java:86)
	at org.testng.TestNG.runSuitesSequentially(TestNG.java:1264)
	at org.testng.TestNG.runSuitesLocally(TestNG.java:1189)
	at org.testng.TestNG.runSuites(TestNG.java:1104)
	at org.testng.TestNG.run(TestNG.java:1076)
	at org.testng.remote.AbstractRemoteTestNG.run(AbstractRemoteTestNG.java:126)
	at org.testng.remote.RemoteTestNG.initAndRun(RemoteTestNG.java:152)
	at org.testng.remote.RemoteTestNG.main(RemoteTestNG.java:57)
]]>
            </full-stacktrace>
          </exception> <!-- org.openqa.selenium.NoSuchSessionException -->
          <reporter-output>
          </reporter-output>
        </test-method> <!-- close -->
        <test-method status="SKIP" signature="close()[pri:0, instance:project.PHPTravelers.Login_Test@6e1ec318]" name="close" is-config="true" duration-ms="0" started-at="2019-10-31T14:42:06Z" finished-at="2019-10-31T14:42:06Z">
          <reporter-output>
          </reporter-output>
        </test-method> <!-- close -->
        <test-method status="SKIP" signature="close()[pri:0, instance:project.PHPTravelers.Registration_Test@10bdf5e5]" name="close" is-config="true" duration-ms="0" started-at="2019-10-31T14:42:06Z" finished-at="2019-10-31T14:42:06Z">
          <reporter-output>
          </reporter-output>
        </test-method> <!-- close -->
      </class> <!-- project.PHPTravelers.Flight_Test -->
      <class name="project.PHPTravelers.Hotel_Search_01">
        <test-method status="PASS" signature="test()[pri:0, instance:project.PHPTravelers.Hotel_Search_01@148080bb]" name="test" duration-ms="20212" started-at="2019-10-31T14:41:00Z" finished-at="2019-10-31T14:41:20Z">
          <reporter-output>
          </reporter-output>
        </test-method> <!-- test -->
      </class> <!-- project.PHPTravelers.Hotel_Search_01 -->
    </test> <!-- Test -->
  </suite> <!-- Suite -->
</testng-results>
